<?xml version="1.0"?><coverage lines-covered="51" lines-valid="69" line-rate="0.7391304347826086" branches-covered="0" branches-valid="0" branch-rate="0" complexity="0" version="1.9" timestamp="1755445809"><sources><source>/home/k14/work/pesonal/github/async_fsm</source></sources><packages><package name="src" line-rate="0.7391304347826086" branch-rate="0" complexity="0"><classes><class name="builder" filename="src/builder.rs" line-rate="1" branch-rate="0" complexity="0"><methods/><lines><line number="28" hits="16"/><line number="31" hits="16"/><line number="37" hits="61"/><line number="41" hits="61"/><line number="42" hits="61"/><line number="46" hits="7"/><line number="50" hits="15"/><line number="51" hits="8"/><line number="55" hits="10"/><line number="56" hits="10"/></lines></class><class name="fsm" filename="src/fsm.rs" line-rate="0.7321428571428571" branch-rate="0" complexity="0"><methods/><lines><line number="78" hits="4"/><line number="80" hits="1"/><line number="121" hits="10"/><line number="130" hits="30"/><line number="138" hits="36"/><line number="139" hits="18"/><line number="140" hits="9"/><line number="144" hits="8"/><line number="145" hits="4"/><line number="146" hits="4"/><line number="147" hits="2"/><line number="150" hits="0"/><line number="155" hits="42"/><line number="156" hits="15"/><line number="158" hits="16"/><line number="161" hits="22"/><line number="162" hits="16"/><line number="163" hits="15"/><line number="168" hits="30"/><line number="171" hits="15"/><line number="172" hits="0"/><line number="174" hits="0"/><line number="178" hits="61"/><line number="179" hits="0"/><line number="180" hits="15"/><line number="182" hits="1"/><line number="183" hits="2"/><line number="186" hits="1"/><line number="187" hits="0"/><line number="188" hits="0"/><line number="195" hits="29"/><line number="196" hits="18"/><line number="197" hits="0"/><line number="199" hits="9"/><line number="201" hits="1"/><line number="202" hits="28"/><line number="203" hits="0"/><line number="205" hits="0"/><line number="210" hits="60"/><line number="211" hits="5"/><line number="212" hits="14"/><line number="214" hits="18"/><line number="216" hits="0"/><line number="218" hits="2"/><line number="219" hits="2"/><line number="223" hits="0"/><line number="224" hits="0"/><line number="225" hits="0"/><line number="230" hits="3"/><line number="231" hits="3"/><line number="238" hits="2"/><line number="239" hits="2"/><line number="243" hits="3"/><line number="244" hits="0"/><line number="248" hits="1"/><line number="249" hits="0"/></lines></class><class name="lib" filename="src/lib.rs" line-rate="0" branch-rate="0" complexity="0"><methods/><lines><line number="94" hits="0"/><line number="95" hits="0"/><line number="96" hits="0"/></lines></class></classes></package><package name="tests" line-rate="0" branch-rate="0" complexity="0"><classes></classes></package><package name="examples" line-rate="0" branch-rate="0" complexity="0"><classes></classes></package></packages></coverage>